Script started on Thu Sep 13 13:31:49 2018
   : Loading /src/plan.sh
   arch-install-scripts: Plan loaded
   arch-install-scripts: Validating plan metadata
   arch-install-scripts: Using HAB_BIN=/hab/pkgs/core/hab/0.62.1/20180905002037/bin/hab for installs, signing, and hashing
   arch-install-scripts: hab-plan-build setup
   arch-install-scripts: Writing pre_build file
   arch-install-scripts: Resolving build dependencies
[1;33mÂ» Installing core/make[0m
[1;32mâ˜ Determining[0m latest version of core/make in the 'stable' channel
[1;32mâ†’ Using[0m core/make/4.2.1/20180608100733
[1;34mâ˜… Install of core/make/4.2.1/20180608100733 complete with 0 new packages installed.[0m
   arch-install-scripts: Resolved build dependency 'core/make' to /hab/pkgs/core/make/4.2.1/20180608100733
[1;33mÂ» Installing core/m4[0m
[1;32mâ˜ Determining[0m latest version of core/m4 in the 'stable' channel
[1;32mâ†’ Using[0m core/m4/1.4.18/20180608051345
[1;34mâ˜… Install of core/m4/1.4.18/20180608051345 complete with 0 new packages installed.[0m
   arch-install-scripts: Resolved build dependency 'core/m4' to /hab/pkgs/core/m4/1.4.18/20180608051345
   arch-install-scripts: Resolving run dependencies
[1;33mÂ» Installing core/coreutils[0m
[1;32mâ˜ Determining[0m latest version of core/coreutils in the 'stable' channel
[1;32mâ†’ Using[0m core/coreutils/8.29/20180608092141
[1;34mâ˜… Install of core/coreutils/8.29/20180608092141 complete with 0 new packages installed.[0m
   arch-install-scripts: Resolved dependency 'core/coreutils' to /hab/pkgs/core/coreutils/8.29/20180608092141
[1;33mÂ» Installing core/util-linux[0m
[1;32mâ˜ Determining[0m latest version of core/util-linux in the 'stable' channel
[1;32mâ†’ Using[0m core/util-linux/2.31.1/20180608101132
[1;34mâ˜… Install of core/util-linux/2.31.1/20180608101132 complete with 0 new packages installed.[0m
   arch-install-scripts: Resolved dependency 'core/util-linux' to /hab/pkgs/core/util-linux/2.31.1/20180608101132
[1;33mÂ» Installing core/gawk[0m
[1;32mâ˜ Determining[0m latest version of core/gawk in the 'stable' channel
[1;32mâ†’ Using[0m core/gawk/4.2.0/20180608093856
[1;34mâ˜… Install of core/gawk/4.2.0/20180608093856 complete with 0 new packages installed.[0m
   arch-install-scripts: Resolved dependency 'core/gawk' to /hab/pkgs/core/gawk/4.2.0/20180608093856
   arch-install-scripts: Setting up environment
   arch-install-scripts: Populating runtime environment from dependencies
   arch-install-scripts: Populating buildtime environment from dependencies
   arch-install-scripts: Layering runtime environment on top of system environment
   arch-install-scripts: Layering buildtime environment on top of system environment
   arch-install-scripts: Setting PATH=/hab/pkgs/guskovd/arch-install-scripts/19/20180913133149/bin:/hab/pkgs/core/coreutils/8.29/20180608092141/bin:/hab/pkgs/core/util-linux/2.31.1/20180608101132/bin:/hab/pkgs/core/gawk/4.2.0/20180608093856/bin:/hab/pkgs/core/make/4.2.1/20180608100733/bin:/hab/pkgs/core/m4/1.4.18/20180608051345/bin:/hab/pkgs/core/acl/2.2.52/20180608091922/bin:/hab/pkgs/core/attr/2.4.47/20180608091914/bin:/hab/pkgs/core/glibc/2.27/20180608041157/bin:/hab/pkgs/core/libcap/2.25/20180608091936/bin:/hab/pkgs/core/ncurses/6.1/20180608091810/bin:/hab/pkgs/core/hab-plan-build/0.62.1/20180905003025/bin:/hab/pkgs/core/bash/4.3.42/20170513213519/bin:/hab/pkgs/core/binutils/2.25.1/20170513201927/bin:/hab/pkgs/core/bzip2/1.0.6/20170513212938/bin:/hab/pkgs/core/coreutils/8.25/20170513213226/bin:/hab/pkgs/core/file/5.24/20170513201915/bin:/hab/pkgs/core/findutils/4.4.2/20170513214305/bin:/hab/pkgs/core/gawk/4.1.3/20170513213646/bin:/hab/pkgs/core/grep/2.22/20170513213444/bin:/hab/pkgs/core/gzip/1.6/20170513214605/bin:/hab/pkgs/core/hab/0.62.1/20180905002037/bin:/hab/pkgs/core/rq/0.9.2/20170612005822/bin:/hab/pkgs/core/sed/4.2.2/20170513213123/bin:/hab/pkgs/core/tar/1.29/20170513213607/bin:/hab/pkgs/core/unzip/6.0/20180310001951/bin:/hab/pkgs/core/wget/1.19.1/20171024102323/bin:/hab/pkgs/core/xz/5.2.2/20170513214327/bin:/hab/pkgs/core/glibc/2.22/20170513201042/bin:/hab/pkgs/core/ncurses/6.0/20170513213009/bin:/hab/pkgs/core/acl/2.2.52/20170513213108/bin:/hab/pkgs/core/attr/2.4.47/20170513213059/bin:/hab/pkgs/core/libcap/2.24/20170513213120/bin:/hab/pkgs/core/pcre/8.38/20170513213423/bin:/hab/pkgs/core/less/481/20170513213936/bin:/hab/pkgs/core/libidn/1.32/20170513215043/bin:/hab/pkgs/core/openssl/1.0.2l/20171014213633/bin
   arch-install-scripts: Found previous file 'v19.tar.gz', attempting to re-use
   arch-install-scripts: Verifying v19.tar.gz
   arch-install-scripts: Checksum verified for v19.tar.gz
   arch-install-scripts: Using cached and verified 'v19.tar.gz'
   arch-install-scripts: Verifying v19.tar.gz
   arch-install-scripts: Checksum verified for v19.tar.gz
   arch-install-scripts: Clean the cache
   arch-install-scripts: Unpacking v19.tar.gz
   arch-install-scripts: Setting build environment
   arch-install-scripts: Setting PREFIX=/hab/pkgs/guskovd/arch-install-scripts/19/20180913133149
   arch-install-scripts: Setting LD_RUN_PATH=/hab/pkgs/core/util-linux/2.31.1/20180608101132/lib
   arch-install-scripts: Setting CFLAGS=-I/hab/pkgs/core/util-linux/2.31.1/20180608101132/include -I/hab/pkgs/core/make/4.2.1/20180608100733/include
   arch-install-scripts: Setting CXXFLAGS=-I/hab/pkgs/core/util-linux/2.31.1/20180608101132/include -I/hab/pkgs/core/make/4.2.1/20180608100733/include
   arch-install-scripts: Setting CPPFLAGS=-I/hab/pkgs/core/util-linux/2.31.1/20180608101132/include -I/hab/pkgs/core/make/4.2.1/20180608100733/include
   arch-install-scripts: Setting LDFLAGS=-L/hab/pkgs/core/util-linux/2.31.1/20180608101132/lib
   arch-install-scripts: Setting PKG_CONFIG_PATH=/hab/pkgs/core/util-linux/2.31.1/20180608101132/lib/pkgconfig
   arch-install-scripts: Preparing to build
   arch-install-scripts: Building
  GEN      arch-chroot
  GEN      genfstab
  GEN      pacstrap
install -dm755 /hab/pkgs/guskovd/arch-install-scripts/19/20180913133149/bin
install -m755 arch-chroot genfstab pacstrap /hab/pkgs/guskovd/arch-install-scripts/19/20180913133149/bin
install -Dm644 zsh-completion /hab/pkgs/guskovd/arch-install-scripts/19/20180913133149/share/zsh/site-functions/_archinstallscripts
   arch-install-scripts: Installing
make: Nothing to be done for 'all'.
   arch-install-scripts: Writing configuration
   arch-install-scripts: Writing service management scripts
   arch-install-scripts: Stripping unneeded symbols from binaries and libraries
   arch-install-scripts: Building package metadata
   arch-install-scripts: Generating blake2b hashes of all files in the package
   arch-install-scripts: Generating signed metadata FILES
[1;33mÂ» Signing arch-install-scripts_blake2bsums[0m
[1;36mâ˜› Signing[0m arch-install-scripts_blake2bsums with guskovd-20170522132207 to create /hab/pkgs/guskovd/arch-install-scripts/19/20180913133149/FILES
[1;34mâ˜… Signed artifact /hab/pkgs/guskovd/arch-install-scripts/19/20180913133149/FILES.[0m
   arch-install-scripts: Creating manifest
   arch-install-scripts: Generating package artifact
/hab/pkgs/core/tar/1.29/20170513213607/bin/tar: Removing leading `/' from member names
/hab/cache/artifacts/.guskovd-arch-install-scripts-19-20180913133149-x86_64-linux.tar (1/1)
  100 %           8644 B / 60.0 KiB = 0.141                                    
[1;33mÂ» Signing /hab/cache/artifacts/.guskovd-arch-install-scripts-19-20180913133149-x86_64-linux.tar.xz[0m
[1;36mâ˜› Signing[0m /hab/cache/artifacts/.guskovd-arch-install-scripts-19-20180913133149-x86_64-linux.tar.xz with guskovd-20170522132207 to create /hab/cache/artifacts/guskovd-arch-install-scripts-19-20180913133149-x86_64-linux.hart
[1;34mâ˜… Signed artifact /hab/cache/artifacts/guskovd-arch-install-scripts-19-20180913133149-x86_64-linux.hart.[0m
'/hab/cache/artifacts/guskovd-arch-install-scripts-19-20180913133149-x86_64-linux.hart' -> '/src/results/guskovd-arch-install-scripts-19-20180913133149-x86_64-linux.hart'
   arch-install-scripts: hab-plan-build cleanup
   arch-install-scripts: 
   arch-install-scripts: Source Path: /hab/cache/src/arch-install-scripts-19
   arch-install-scripts: Installed Path: /hab/pkgs/guskovd/arch-install-scripts/19/20180913133149
   arch-install-scripts: Artifact: /src/results/guskovd-arch-install-scripts-19-20180913133149-x86_64-linux.hart
   arch-install-scripts: Build Report: /src/results/last_build.env
   arch-install-scripts: SHA256 Checksum: 335dea8b9e2289a8fe172fcc3214e871e52d259e2623491488bd5559752767a2
   arch-install-scripts: Blake2b Checksum: 0ce06269079f35dc3f584836c15c60370cbb89e9d258de48eda6b75ebc6c9b65
   arch-install-scripts: 
   arch-install-scripts: I love it when a plan.sh comes together.
   arch-install-scripts: 
   arch-install-scripts: Build time: 0m3s

Script done on Thu Sep 13 13:31:52 2018
