Script started on Thu Sep 13 13:07:37 2018
   : Loading /src/plan.sh
   arch-install-sciprts: Plan loaded
   arch-install-sciprts: Validating plan metadata
   arch-install-sciprts: Using HAB_BIN=/hab/pkgs/core/hab/0.62.1/20180905002037/bin/hab for installs, signing, and hashing
   arch-install-sciprts: hab-plan-build setup
   arch-install-sciprts: Writing pre_build file
   arch-install-sciprts: Resolving build dependencies
[1;33m» Installing core/make[0m
[1;32m☁ Determining[0m latest version of core/make in the 'stable' channel
[1;32m→ Using[0m core/make/4.2.1/20180608100733
[1;34m★ Install of core/make/4.2.1/20180608100733 complete with 0 new packages installed.[0m
   arch-install-sciprts: Resolved build dependency 'core/make' to /hab/pkgs/core/make/4.2.1/20180608100733
   arch-install-sciprts: Resolving run dependencies
   arch-install-sciprts: Setting up environment
   arch-install-sciprts: Populating runtime environment from dependencies
   arch-install-sciprts: Populating buildtime environment from dependencies
   arch-install-sciprts: Layering runtime environment on top of system environment
   arch-install-sciprts: Layering buildtime environment on top of system environment
   arch-install-sciprts: Setting PATH=/hab/pkgs/qago/arch-install-sciprts/19/20180913130737/bin:/hab/pkgs/core/make/4.2.1/20180608100733/bin:/hab/pkgs/core/glibc/2.27/20180608041157/bin:/hab/pkgs/core/hab-plan-build/0.62.1/20180905003025/bin:/hab/pkgs/core/bash/4.3.42/20170513213519/bin:/hab/pkgs/core/binutils/2.25.1/20170513201927/bin:/hab/pkgs/core/bzip2/1.0.6/20170513212938/bin:/hab/pkgs/core/coreutils/8.25/20170513213226/bin:/hab/pkgs/core/file/5.24/20170513201915/bin:/hab/pkgs/core/findutils/4.4.2/20170513214305/bin:/hab/pkgs/core/gawk/4.1.3/20170513213646/bin:/hab/pkgs/core/grep/2.22/20170513213444/bin:/hab/pkgs/core/gzip/1.6/20170513214605/bin:/hab/pkgs/core/hab/0.62.1/20180905002037/bin:/hab/pkgs/core/rq/0.9.2/20170612005822/bin:/hab/pkgs/core/sed/4.2.2/20170513213123/bin:/hab/pkgs/core/tar/1.29/20170513213607/bin:/hab/pkgs/core/unzip/6.0/20180310001951/bin:/hab/pkgs/core/wget/1.19.1/20171024102323/bin:/hab/pkgs/core/xz/5.2.2/20170513214327/bin:/hab/pkgs/core/glibc/2.22/20170513201042/bin:/hab/pkgs/core/ncurses/6.0/20170513213009/bin:/hab/pkgs/core/acl/2.2.52/20170513213108/bin:/hab/pkgs/core/attr/2.4.47/20170513213059/bin:/hab/pkgs/core/libcap/2.24/20170513213120/bin:/hab/pkgs/core/pcre/8.38/20170513213423/bin:/hab/pkgs/core/less/481/20170513213936/bin:/hab/pkgs/core/libidn/1.32/20170513215043/bin:/hab/pkgs/core/openssl/1.0.2l/20171014213633/bin
   arch-install-sciprts: Found previous file 'v19.tar.gz', attempting to re-use
   arch-install-sciprts: Verifying v19.tar.gz
   arch-install-sciprts: Checksum verified for v19.tar.gz
   arch-install-sciprts: Using cached and verified 'v19.tar.gz'
   arch-install-sciprts: Verifying v19.tar.gz
   arch-install-sciprts: Checksum verified for v19.tar.gz
   arch-install-sciprts: Clean the cache
   arch-install-sciprts: Unpacking v19.tar.gz
   arch-install-sciprts: Setting build environment
mkdir: created directory '/hab/cache/src/arch-install-sciprts-19'
   arch-install-sciprts: Setting PREFIX=/hab/pkgs/qago/arch-install-sciprts/19/20180913130737
   arch-install-sciprts: Setting LD_RUN_PATH=
   arch-install-sciprts: Setting CFLAGS=-I/hab/pkgs/core/make/4.2.1/20180608100733/include
   arch-install-sciprts: Setting CXXFLAGS=-I/hab/pkgs/core/make/4.2.1/20180608100733/include
   arch-install-sciprts: Setting CPPFLAGS=-I/hab/pkgs/core/make/4.2.1/20180608100733/include
   arch-install-sciprts: Setting LDFLAGS=
   arch-install-sciprts: Setting PKG_CONFIG_PATH=
   arch-install-sciprts: Preparing to build
   arch-install-sciprts: Building
make: *** No targets specified and no makefile found.  Stop.
   arch-install-sciprts: Build time: 0m1s
   arch-install-sciprts: Exiting on error

Script done on Thu Sep 13 13:07:38 2018
