Script started on Thu Sep 20 12:59:29 2018
   : Loading /src/plan.sh
   gitbook: Plan loaded
   gitbook: Validating plan metadata
   gitbook: Using HAB_BIN=/hab/pkgs/core/hab/0.62.1/20180905002037/bin/hab for installs, signing, and hashing
   gitbook: hab-plan-build setup
   gitbook: Writing pre_build file
   gitbook: Resolving build dependencies
   gitbook: Resolving run dependencies
[1;33m» Installing core/node[0m
[1;32m☁ Determining[0m latest version of core/node in the 'stable' channel
[1;32m→ Using[0m core/node/10.10.0/20180912153103
[1;34m★ Install of core/node/10.10.0/20180912153103 complete with 0 new packages installed.[0m
   gitbook: Resolved dependency 'core/node' to /hab/pkgs/core/node/10.10.0/20180912153103
[1;33m» Installing core/bash[0m
[1;32m☁ Determining[0m latest version of core/bash in the 'stable' channel
[1;32m→ Using[0m core/bash/4.4.19/20180608092913
[1;34m★ Install of core/bash/4.4.19/20180608092913 complete with 0 new packages installed.[0m
   gitbook: Resolved dependency 'core/bash' to /hab/pkgs/core/bash/4.4.19/20180608092913
   gitbook: Setting up environment
   gitbook: Populating runtime environment from dependencies
   gitbook: Populating buildtime environment from dependencies
   gitbook: Layering runtime environment on top of system environment
   gitbook: Layering buildtime environment on top of system environment
   gitbook: Setting PATH=/hab/pkgs/guskovd/gitbook/3.2.2/20180920125929/bin:/hab/pkgs/core/node/10.10.0/20180912153103/bin:/hab/pkgs/core/bash/4.4.19/20180608092913/bin:/hab/pkgs/core/acl/2.2.52/20180608091922/bin:/hab/pkgs/core/attr/2.4.47/20180608091914/bin:/hab/pkgs/core/binutils/2.30/20180608050633/bin:/hab/pkgs/core/bzip2/1.0.6/20180608091727/bin:/hab/pkgs/core/coreutils/8.29/20180608092141/bin:/hab/pkgs/core/expat/2.2.5/20180608094017/bin:/hab/pkgs/core/gdbm/1.14.1/20180608094002/bin:/hab/pkgs/core/glibc/2.27/20180608041157/bin:/hab/pkgs/core/grep/3.1/20180608092809/bin:/hab/pkgs/core/libcap/2.25/20180608091936/bin:/hab/pkgs/core/libtool/2.4.6/20180608093951/bin:/hab/pkgs/core/ncurses/6.1/20180608091810/bin:/hab/pkgs/core/openssl/1.0.2n/20180608102213/bin:/hab/pkgs/core/pcre/8.41/20180608092740/bin:/hab/pkgs/core/python2/2.7.15/20180717141339/bin:/hab/pkgs/core/sed/4.4/20180608091938/bin:/hab/pkgs/core/sqlite/3130000/20180608141313/bin:/hab/pkgs/core/hab-plan-build/0.62.1/20180905003025/bin:/hab/pkgs/core/bash/4.3.42/20170513213519/bin:/hab/pkgs/core/binutils/2.25.1/20170513201927/bin:/hab/pkgs/core/bzip2/1.0.6/20170513212938/bin:/hab/pkgs/core/coreutils/8.25/20170513213226/bin:/hab/pkgs/core/file/5.24/20170513201915/bin:/hab/pkgs/core/findutils/4.4.2/20170513214305/bin:/hab/pkgs/core/gawk/4.1.3/20170513213646/bin:/hab/pkgs/core/grep/2.22/20170513213444/bin:/hab/pkgs/core/gzip/1.6/20170513214605/bin:/hab/pkgs/core/hab/0.62.1/20180905002037/bin:/hab/pkgs/core/rq/0.9.2/20170612005822/bin:/hab/pkgs/core/sed/4.2.2/20170513213123/bin:/hab/pkgs/core/tar/1.29/20170513213607/bin:/hab/pkgs/core/unzip/6.0/20180310001951/bin:/hab/pkgs/core/wget/1.19.1/20171024102323/bin:/hab/pkgs/core/xz/5.2.2/20170513214327/bin:/hab/pkgs/core/glibc/2.22/20170513201042/bin:/hab/pkgs/core/ncurses/6.0/20170513213009/bin:/hab/pkgs/core/acl/2.2.52/20170513213108/bin:/hab/pkgs/core/attr/2.4.47/20170513213059/bin:/hab/pkgs/core/libcap/2.24/20170513213120/bin:/hab/pkgs/core/pcre/8.38/20170513213423/bin:/hab/pkgs/core/less/481/20170513213936/bin:/hab/pkgs/core/libidn/1.32/20170513215043/bin:/hab/pkgs/core/openssl/1.0.2l/20171014213633/bin
   gitbook: Downloading 'https://github.com/GitbookIO/gitbook-cli/archive/2.3.2.tar.gz' to '2.3.2.tar.gz'
--2018-09-20 12:59:31--  https://github.com/GitbookIO/gitbook-cli/archive/2.3.2.tar.gz
Resolving github.com... 192.30.253.112, 192.30.253.113
Connecting to github.com|192.30.253.112|:443... connected.
HTTP request sent, awaiting response... 302 Found
Location: https://codeload.github.com/GitbookIO/gitbook-cli/tar.gz/2.3.2 [following]
--2018-09-20 12:59:32--  https://codeload.github.com/GitbookIO/gitbook-cli/tar.gz/2.3.2
Resolving codeload.github.com... 192.30.253.121, 192.30.253.120
Connecting to codeload.github.com|192.30.253.121|:443... connected.
HTTP request sent, awaiting response... 200 OK
Length: unspecified [application/x-gzip]
Saving to: '2.3.2.tar.gz'

2.3.2.tar.gz            [<=>                 ]       0  --.-KB/s               2.3.2.tar.gz            [ <=>                ]   8.78K  --.-KB/s    in 0s      

2018-09-20 12:59:34 (24.6 MB/s) - '2.3.2.tar.gz' saved [8995]

   gitbook: Downloaded '2.3.2.tar.gz'
   gitbook: Verifying 2.3.2.tar.gz
   gitbook: WARN Checksum invalid for 2.3.2.tar.gz:
   gitbook: WARN    Expected: 66ab5d6d04877d8b5b7c05b8cae9b51d9f669d4b719d02578e9c0b556a4e6e58
   gitbook: WARN    Computed: 693db6473c5ab9863161146733c7c374f8d053da908cddb6cc5528b4277d4197
   gitbook: Build time: 0m5s
   gitbook: Exiting on error

Script done on Thu Sep 20 12:59:34 2018
