Script started on Thu Sep 20 13:14:47 2018
   : Loading /src/plan.sh
   gitbook-cli: Plan loaded
   gitbook-cli: Validating plan metadata
   gitbook-cli: Using HAB_BIN=/hab/pkgs/core/hab/0.62.1/20180905002037/bin/hab for installs, signing, and hashing
   gitbook-cli: hab-plan-build setup
   gitbook-cli: Writing pre_build file
   gitbook-cli: Resolving build dependencies
[1;33m» Installing core/git[0m
[1;32m☁ Determining[0m latest version of core/git in the 'stable' channel
[1;32m→ Using[0m core/git/2.18.0/20180906203305
[1;34m★ Install of core/git/2.18.0/20180906203305 complete with 0 new packages installed.[0m
   gitbook-cli: Resolved build dependency 'core/git' to /hab/pkgs/core/git/2.18.0/20180906203305
   gitbook-cli: Resolving run dependencies
[1;33m» Installing core/node[0m
[1;32m☁ Determining[0m latest version of core/node in the 'stable' channel
[1;32m→ Using[0m core/node/10.10.0/20180912153103
[1;34m★ Install of core/node/10.10.0/20180912153103 complete with 0 new packages installed.[0m
   gitbook-cli: Resolved dependency 'core/node' to /hab/pkgs/core/node/10.10.0/20180912153103
   gitbook-cli: Setting up environment
   gitbook-cli: Populating runtime environment from dependencies
   gitbook-cli: Populating buildtime environment from dependencies
   gitbook-cli: Layering runtime environment on top of system environment
   gitbook-cli: Layering buildtime environment on top of system environment
   gitbook-cli: Setting PATH=/hab/pkgs/guskovd/gitbook-cli/2.3.2/20180920131448/bin:/hab/pkgs/core/node/10.10.0/20180912153103/bin:/hab/pkgs/core/git/2.18.0/20180906203305/bin:/hab/pkgs/core/acl/2.2.52/20180608091922/bin:/hab/pkgs/core/attr/2.4.47/20180608091914/bin:/hab/pkgs/core/bash/4.4.19/20180608092913/bin:/hab/pkgs/core/binutils/2.30/20180608050633/bin:/hab/pkgs/core/bzip2/1.0.6/20180608091727/bin:/hab/pkgs/core/coreutils/8.29/20180608092141/bin:/hab/pkgs/core/expat/2.2.5/20180608094017/bin:/hab/pkgs/core/gdbm/1.14.1/20180608094002/bin:/hab/pkgs/core/glibc/2.27/20180608041157/bin:/hab/pkgs/core/grep/3.1/20180608092809/bin:/hab/pkgs/core/libcap/2.25/20180608091936/bin:/hab/pkgs/core/libtool/2.4.6/20180608093951/bin:/hab/pkgs/core/ncurses/6.1/20180608091810/bin:/hab/pkgs/core/openssl/1.0.2n/20180608102213/bin:/hab/pkgs/core/pcre/8.41/20180608092740/bin:/hab/pkgs/core/python2/2.7.15/20180717141339/bin:/hab/pkgs/core/sed/4.4/20180608091938/bin:/hab/pkgs/core/sqlite/3130000/20180608141313/bin:/hab/pkgs/core/curl/7.54.1/20180906202233/bin:/hab/pkgs/core/db/5.3.28/20180608094030/bin:/hab/pkgs/core/gettext/0.19.8/20180608100147/bin:/hab/pkgs/core/less/530/20180608094202/bin:/hab/pkgs/core/openssh/7.5p1/20180608142228/bin:/hab/pkgs/core/openssh/7.5p1/20180608142228/sbin:/hab/pkgs/core/openssh/7.5p1/20180608142228/libexec:/hab/pkgs/core/perl/5.26.1/20180608094208/bin:/hab/pkgs/core/xz/5.2.3/20180608100110/bin:/hab/pkgs/core/hab-plan-build/0.62.1/20180905003025/bin:/hab/pkgs/core/bash/4.3.42/20170513213519/bin:/hab/pkgs/core/binutils/2.25.1/20170513201927/bin:/hab/pkgs/core/bzip2/1.0.6/20170513212938/bin:/hab/pkgs/core/coreutils/8.25/20170513213226/bin:/hab/pkgs/core/file/5.24/20170513201915/bin:/hab/pkgs/core/findutils/4.4.2/20170513214305/bin:/hab/pkgs/core/gawk/4.1.3/20170513213646/bin:/hab/pkgs/core/grep/2.22/20170513213444/bin:/hab/pkgs/core/gzip/1.6/20170513214605/bin:/hab/pkgs/core/hab/0.62.1/20180905002037/bin:/hab/pkgs/core/rq/0.9.2/20170612005822/bin:/hab/pkgs/core/sed/4.2.2/20170513213123/bin:/hab/pkgs/core/tar/1.29/20170513213607/bin:/hab/pkgs/core/unzip/6.0/20180310001951/bin:/hab/pkgs/core/wget/1.19.1/20171024102323/bin:/hab/pkgs/core/xz/5.2.2/20170513214327/bin:/hab/pkgs/core/glibc/2.22/20170513201042/bin:/hab/pkgs/core/ncurses/6.0/20170513213009/bin:/hab/pkgs/core/acl/2.2.52/20170513213108/bin:/hab/pkgs/core/attr/2.4.47/20170513213059/bin:/hab/pkgs/core/libcap/2.24/20170513213120/bin:/hab/pkgs/core/pcre/8.38/20170513213423/bin:/hab/pkgs/core/less/481/20170513213936/bin:/hab/pkgs/core/libidn/1.32/20170513215043/bin:/hab/pkgs/core/openssl/1.0.2l/20171014213633/bin
   gitbook-cli: Found previous file '2.3.2.tar.gz', attempting to re-use
   gitbook-cli: Verifying 2.3.2.tar.gz
   gitbook-cli: Checksum verified for 2.3.2.tar.gz
   gitbook-cli: Using cached and verified '2.3.2.tar.gz'
   gitbook-cli: Verifying 2.3.2.tar.gz
   gitbook-cli: Checksum verified for 2.3.2.tar.gz
   gitbook-cli: Clean the cache
   gitbook-cli: Unpacking 2.3.2.tar.gz
   gitbook-cli: Setting build environment
   gitbook-cli: Setting PREFIX=/hab/pkgs/guskovd/gitbook-cli/2.3.2/20180920131448
   gitbook-cli: Setting LD_RUN_PATH=/hab/pkgs/guskovd/gitbook-cli/2.3.2/20180920131448/lib:/hab/pkgs/core/node/10.10.0/20180912153103/lib
   gitbook-cli: Setting CFLAGS=-I/hab/pkgs/core/node/10.10.0/20180912153103/include
   gitbook-cli: Setting CXXFLAGS=-I/hab/pkgs/core/node/10.10.0/20180912153103/include
   gitbook-cli: Setting CPPFLAGS=-I/hab/pkgs/core/node/10.10.0/20180912153103/include
   gitbook-cli: Setting LDFLAGS=-L/hab/pkgs/core/node/10.10.0/20180912153103/lib -L/hab/pkgs/core/git/2.18.0/20180906203305/lib
   gitbook-cli: Setting PKG_CONFIG_PATH=
   gitbook-cli: Preparing to build
   gitbook-cli: Building
[37;40mnpm[0m [0m[30;43mWARN[0m [0m[35mdeprecated[0m graceful-fs@3.0.5: please upgrade to graceful-fs 4 for compatibility with current and future versions of Node.js
[0m[37;40mnpm[0m [0m[30;43mWARN[0m [0m[35mdeprecated[0m URIjs@1.14.1: package renamed to "urijs" (lower-case), please update accordingly
[0m[37;40mnpm[0m [0m[30;43mWARN[0m [0m[35mdeprecated[0m graceful-fs@3.0.11: please upgrade to graceful-fs 4 for compatibility with current and future versions of Node.js
[0m[37;40mnpm[0m [0m[30;43mWARN[0m [0m[35mdeprecated[0m nunjucks@2.1.0: potential XSS vulnerability in autoescape mode, and with escape filter was fixed in v2.4.3
[0m[37;40mnpm[0m [0m[30;43mWARN[0m [0m[35mdeprecated[0m minimatch@2.0.10: Please update to minimatch 3.0.2 or higher to avoid a RegExp DoS issue
[0m[37;40mnpm[0m [0m[30;43mWARN[0m [0m[35mdeprecated[0m sprintf@0.1.5: The sprintf package is deprecated in favor of sprintf-js.
[0m[37;40mnpm[0m [0m[30;43mWARN[0m [0m[35mdeprecated[0m node-uuid@1.4.8: Use uuid module instead
[0m[37;40mnpm[0m [0m[30;43mWARN[0m [0m[35mdeprecated[0m minimatch@0.2.14: Please update to minimatch 3.0.2 or higher to avoid a RegExp DoS issue
[0m[37;40mnpm[0m [0m[30;43mWARN[0m [0m[35mdeprecated[0m minimatch@1.0.0: Please update to minimatch 3.0.2 or higher to avoid a RegExp DoS issue
[0m[37;40mnpm[0m [0m[30;43mWARN[0m [0m[35mdeprecated[0m hoek@0.9.1: The major version is no longer supported. Please update to 4.x or newer
[0m[37;40mnpm[0m [0m[30;43mWARN[0m [0m[35mdeprecated[0m datauri@0.2.1: Potential REDOS vulnerability removed in v1.1.0
[0m[37;40mnpm[0m [0m[30;43mWARN[0m [0m[35mdeprecated[0m hoek@2.16.3: The major version is no longer supported. Please update to 4.x or newer
[0m[37;40mnpm[0m [0m[30;43mWARN[0m [0m[35mdeprecated[0m socks@1.1.10: If using 2.x branch, please upgrade to at least 2.1.6 to avoid a serious bug with socket data flow and an import issue introduced in 2.1.0
[0m[37;40mnpm[0m [0m[31;40mERR![0m[35m[0m Error while executing:
[0m[37;40mnpm[0m [0m[31;40mERR![0m[35m[0m /hab/pkgs/core/git/2.18.0/20180906203305/bin/git ls-remote -h -t git://github.com/anthonny/opal-npm-wrapper.git
[0m[37;40mnpm[0m [0m[31;40mERR![0m[35m[0m 
[0m[37;40mnpm[0m [0m[31;40mERR![0m[35m[0m fatal: Unable to look up github.com (port 9418) (Temporary failure in name resolution)
[0m[37;40mnpm[0m [0m[31;40mERR![0m[35m[0m 
[0m[37;40mnpm[0m [0m[31;40mERR![0m[35m[0m exited with error code: 128
[0m
[37;40mnpm[0m [0m[31;40mERR![0m[35m[0m A complete log of this run can be found in:
[0m[37;40mnpm[0m [0m[31;40mERR![0m[35m[0m     /root/.npm/_logs/2018-09-20T13_15_34_499Z-debug.log
[0m   gitbook-cli: Build time: 0m46s
   gitbook-cli: Exiting on error

Script done on Thu Sep 20 13:15:34 2018
