Script started on Thu Sep 20 12:52:21 2018
   : Loading /src/plan.sh
   gitbook: Plan loaded
   gitbook: Validating plan metadata
   gitbook: Using HAB_BIN=/hab/pkgs/core/hab/0.62.1/20180905002037/bin/hab for installs, signing, and hashing
   gitbook: hab-plan-build setup
   gitbook: Writing pre_build file
   gitbook: Resolving build dependencies
   gitbook: Resolving run dependencies
[1;33mÂ» Installing core/node[0m
[1;32mâ˜ Determining[0m latest version of core/node in the 'stable' channel
[1;32mâ†’ Using[0m core/node/10.10.0/20180912153103
[1;34mâ˜… Install of core/node/10.10.0/20180912153103 complete with 0 new packages installed.[0m
   gitbook: Resolved dependency 'core/node' to /hab/pkgs/core/node/10.10.0/20180912153103
   gitbook: Setting up environment
   gitbook: Populating runtime environment from dependencies
   gitbook: Populating buildtime environment from dependencies
   gitbook: Layering runtime environment on top of system environment
   gitbook: Layering buildtime environment on top of system environment
   gitbook: Setting PATH=/hab/pkgs/guskovd/gitbook/3.2.2/20180920125221/bin:/hab/pkgs/core/node/10.10.0/20180912153103/bin:/hab/pkgs/core/acl/2.2.52/20180608091922/bin:/hab/pkgs/core/attr/2.4.47/20180608091914/bin:/hab/pkgs/core/bash/4.4.19/20180608092913/bin:/hab/pkgs/core/binutils/2.30/20180608050633/bin:/hab/pkgs/core/bzip2/1.0.6/20180608091727/bin:/hab/pkgs/core/coreutils/8.29/20180608092141/bin:/hab/pkgs/core/expat/2.2.5/20180608094017/bin:/hab/pkgs/core/gdbm/1.14.1/20180608094002/bin:/hab/pkgs/core/glibc/2.27/20180608041157/bin:/hab/pkgs/core/grep/3.1/20180608092809/bin:/hab/pkgs/core/libcap/2.25/20180608091936/bin:/hab/pkgs/core/libtool/2.4.6/20180608093951/bin:/hab/pkgs/core/ncurses/6.1/20180608091810/bin:/hab/pkgs/core/openssl/1.0.2n/20180608102213/bin:/hab/pkgs/core/pcre/8.41/20180608092740/bin:/hab/pkgs/core/python2/2.7.15/20180717141339/bin:/hab/pkgs/core/sed/4.4/20180608091938/bin:/hab/pkgs/core/sqlite/3130000/20180608141313/bin:/hab/pkgs/core/hab-plan-build/0.62.1/20180905003025/bin:/hab/pkgs/core/bash/4.3.42/20170513213519/bin:/hab/pkgs/core/binutils/2.25.1/20170513201927/bin:/hab/pkgs/core/bzip2/1.0.6/20170513212938/bin:/hab/pkgs/core/coreutils/8.25/20170513213226/bin:/hab/pkgs/core/file/5.24/20170513201915/bin:/hab/pkgs/core/findutils/4.4.2/20170513214305/bin:/hab/pkgs/core/gawk/4.1.3/20170513213646/bin:/hab/pkgs/core/grep/2.22/20170513213444/bin:/hab/pkgs/core/gzip/1.6/20170513214605/bin:/hab/pkgs/core/hab/0.62.1/20180905002037/bin:/hab/pkgs/core/rq/0.9.2/20170612005822/bin:/hab/pkgs/core/sed/4.2.2/20170513213123/bin:/hab/pkgs/core/tar/1.29/20170513213607/bin:/hab/pkgs/core/unzip/6.0/20180310001951/bin:/hab/pkgs/core/wget/1.19.1/20171024102323/bin:/hab/pkgs/core/xz/5.2.2/20170513214327/bin:/hab/pkgs/core/glibc/2.22/20170513201042/bin:/hab/pkgs/core/ncurses/6.0/20170513213009/bin:/hab/pkgs/core/acl/2.2.52/20170513213108/bin:/hab/pkgs/core/attr/2.4.47/20170513213059/bin:/hab/pkgs/core/libcap/2.24/20170513213120/bin:/hab/pkgs/core/pcre/8.38/20170513213423/bin:/hab/pkgs/core/less/481/20170513213936/bin:/hab/pkgs/core/libidn/1.32/20170513215043/bin:/hab/pkgs/core/openssl/1.0.2l/20171014213633/bin
   gitbook: Found previous file '3.2.2.tar.gz', attempting to re-use
   gitbook: Verifying 3.2.2.tar.gz
   gitbook: Checksum verified for 3.2.2.tar.gz
   gitbook: Using cached and verified '3.2.2.tar.gz'
   gitbook: Verifying 3.2.2.tar.gz
   gitbook: Checksum verified for 3.2.2.tar.gz
   gitbook: Clean the cache
   gitbook: Unpacking 3.2.2.tar.gz
   gitbook: Setting build environment
   gitbook: Setting PREFIX=/hab/pkgs/guskovd/gitbook/3.2.2/20180920125221
   gitbook: Setting LD_RUN_PATH=/hab/pkgs/core/node/10.10.0/20180912153103/lib
   gitbook: Setting CFLAGS=-I/hab/pkgs/core/node/10.10.0/20180912153103/include
   gitbook: Setting CXXFLAGS=-I/hab/pkgs/core/node/10.10.0/20180912153103/include
   gitbook: Setting CPPFLAGS=-I/hab/pkgs/core/node/10.10.0/20180912153103/include
   gitbook: Setting LDFLAGS=-L/hab/pkgs/core/node/10.10.0/20180912153103/lib
   gitbook: Setting PKG_CONFIG_PATH=
   gitbook: Preparing to build
   gitbook: Building
   gitbook: Installing
mkdir: created directory '/hab/pkgs/guskovd/gitbook/3.2.2/20180920125221'
mkdir: created directory '/hab/pkgs/guskovd/gitbook/3.2.2/20180920125221/bin'
total 300K
drwxr-xr-x  6 root root 4.0K Sep 20 12:52 .
drwxr-xr-x 12 root root 4.0K Sep 20 12:52 ..
-rw-r--r--  1 root root 1.4K Sep 20 12:52 AUTHORS.md
-rw-r--r--  1 root root  13K Sep 20 12:52 CHANGES.md
-rw-r--r--  1 root root  12K Sep 20 12:52 LICENSE
-rw-r--r--  1 root root 2.9K Sep 20 12:52 README.md
-rw-r--r--  1 root root  784 Sep 20 12:52 appveyor.yml
drwxr-xr-x  2 root root 4.0K Sep 20 12:52 bin
-rw-r--r--  1 root root  515 Sep 20 12:52 book.js
drwxr-xr-x  8 root root 4.0K Sep 20 12:52 docs
drwxr-xr-x 15 root root 4.0K Sep 20 12:52 lib
-rw-r--r--  1 root root 2.5K Sep 20 12:52 package.json
-rw-r--r--  1 root root 227K Sep 20 12:52 preview.png
drwxr-xr-x  2 root root 4.0K Sep 20 12:52 testing
   gitbook: Writing configuration
   gitbook: Writing service management scripts
   gitbook: Stripping unneeded symbols from binaries and libraries
   gitbook: Building package metadata
   gitbook: Generating blake2b hashes of all files in the package
   gitbook: Generating signed metadata FILES
[1;33mÂ» Signing gitbook_blake2bsums[0m
[1;36mâ˜› Signing[0m gitbook_blake2bsums with guskovd-20170522132207 to create /hab/pkgs/guskovd/gitbook/3.2.2/20180920125221/FILES
[1;34mâ˜… Signed artifact /hab/pkgs/guskovd/gitbook/3.2.2/20180920125221/FILES.[0m
   gitbook: Creating manifest
   gitbook: Generating package artifact
/hab/pkgs/core/tar/1.29/20170513213607/bin/tar: Removing leading `/' from member names
/hab/cache/artifacts/.guskovd-gitbook-3.2.2-20180920125221-x86_64-linux.tar (1/1)
  100 %      318.8 KiB / 1000.0 KiB = 0.319                                    
[1;33mÂ» Signing /hab/cache/artifacts/.guskovd-gitbook-3.2.2-20180920125221-x86_64-linux.tar.xz[0m
[1;36mâ˜› Signing[0m /hab/cache/artifacts/.guskovd-gitbook-3.2.2-20180920125221-x86_64-linux.tar.xz with guskovd-20170522132207 to create /hab/cache/artifacts/guskovd-gitbook-3.2.2-20180920125221-x86_64-linux.hart
[1;34mâ˜… Signed artifact /hab/cache/artifacts/guskovd-gitbook-3.2.2-20180920125221-x86_64-linux.hart.[0m
'/hab/cache/artifacts/guskovd-gitbook-3.2.2-20180920125221-x86_64-linux.hart' -> '/src/results/guskovd-gitbook-3.2.2-20180920125221-x86_64-linux.hart'
   gitbook: hab-plan-build cleanup
   gitbook: 
   gitbook: Source Path: /hab/cache/src/gitbook-3.2.2
   gitbook: Installed Path: /hab/pkgs/guskovd/gitbook/3.2.2/20180920125221
   gitbook: Artifact: /src/results/guskovd-gitbook-3.2.2-20180920125221-x86_64-linux.hart
   gitbook: Build Report: /src/results/last_build.env
   gitbook: SHA256 Checksum: bcf048ca70f4767022d77e0db45332ba30a0344f172599a7d89652d703cbaf3d
   gitbook: Blake2b Checksum: 11319eed828e76ae6b185b003882224e961f5310820791e5c5c12b761c6f4102
   gitbook: 
   gitbook: I love it when a plan.sh comes together.
   gitbook: 
   gitbook: Build time: 0m5s

Script done on Thu Sep 20 12:52:26 2018
