Script started on Thu Nov 29 16:52:13 2018
   : Loading /src/plan.sh
   guskovd-plans: Plan loaded
   guskovd-plans: Validating plan metadata
   guskovd-plans: Using HAB_BIN=/hab/pkgs/core/hab/0.68.0/20181108151723/bin/hab for installs, signing, and hashing
   guskovd-plans: hab-plan-build setup
   guskovd-plans: Writing pre_build file
   guskovd-plans: Resolving build dependencies
   guskovd-plans: Resolving run dependencies
[1;33mÂ» Installing core/bash[0m
[1;32mâ˜ Determining[0m latest version of core/bash in the 'stable' channel
[1;32mâ†’ Using[0m core/bash/4.4.19/20180608092913
[1;34mâ˜… Install of core/bash/4.4.19/20180608092913 complete with 0 new packages installed.[0m
   guskovd-plans: Resolved dependency 'core/bash' to /hab/pkgs/core/bash/4.4.19/20180608092913
[1;33mÂ» Installing core/coreutils[0m
[1;32mâ˜ Determining[0m latest version of core/coreutils in the 'stable' channel
[1;32mâ†’ Using[0m core/coreutils/8.29/20180608092141
[1;34mâ˜… Install of core/coreutils/8.29/20180608092141 complete with 0 new packages installed.[0m
   guskovd-plans: Resolved dependency 'core/coreutils' to /hab/pkgs/core/coreutils/8.29/20180608092141
[1;33mÂ» Installing core/gawk[0m
[1;32mâ˜ Determining[0m latest version of core/gawk in the 'stable' channel
[1;32mâ†’ Using[0m core/gawk/4.2.0/20180608093856
[1;34mâ˜… Install of core/gawk/4.2.0/20180608093856 complete with 0 new packages installed.[0m
   guskovd-plans: Resolved dependency 'core/gawk' to /hab/pkgs/core/gawk/4.2.0/20180608093856
[1;33mÂ» Installing core/which[0m
[1;32mâ˜ Determining[0m latest version of core/which in the 'stable' channel
[1;32mâ†’ Using[0m core/which/2.21/20180608164236
[1;34mâ˜… Install of core/which/2.21/20180608164236 complete with 0 new packages installed.[0m
   guskovd-plans: Resolved dependency 'core/which' to /hab/pkgs/core/which/2.21/20180608164236
[1;33mÂ» Installing core/hab[0m
[1;32mâ˜ Determining[0m latest version of core/hab in the 'stable' channel
[1;32mâ†’ Using[0m core/hab/0.69.0/20181127182011
[1;34mâ˜… Install of core/hab/0.69.0/20181127182011 complete with 0 new packages installed.[0m
   guskovd-plans: Resolved dependency 'core/hab' to /hab/pkgs/core/hab/0.69.0/20181127182011
[1;33mÂ» Installing core/grep[0m
[1;32mâ˜ Determining[0m latest version of core/grep in the 'stable' channel
[1;32mâ†’ Using[0m core/grep/3.1/20180608092809
[1;34mâ˜… Install of core/grep/3.1/20180608092809 complete with 0 new packages installed.[0m
   guskovd-plans: Resolved dependency 'core/grep' to /hab/pkgs/core/grep/3.1/20180608092809
[1;33mÂ» Installing core/sed[0m
[1;32mâ˜ Determining[0m latest version of core/sed in the 'stable' channel
[1;32mâ†’ Using[0m core/sed/4.4/20180608091938
[1;34mâ˜… Install of core/sed/4.4/20180608091938 complete with 0 new packages installed.[0m
   guskovd-plans: Resolved dependency 'core/sed' to /hab/pkgs/core/sed/4.4/20180608091938
[1;33mÂ» Installing core/sudo[0m
[1;32mâ˜ Determining[0m latest version of core/sudo in the 'stable' channel
[1;32mâ†’ Using[0m core/sudo/1.8.18p1/20180609192018
[1;34mâ˜… Install of core/sudo/1.8.18p1/20180609192018 complete with 0 new packages installed.[0m
   guskovd-plans: Resolved dependency 'core/sudo' to /hab/pkgs/core/sudo/1.8.18p1/20180609192018
[1;33mÂ» Installing core/make[0m
[1;32mâ˜ Determining[0m latest version of core/make in the 'stable' channel
[1;32mâ†’ Using[0m core/make/4.2.1/20180608100733
[1;34mâ˜… Install of core/make/4.2.1/20180608100733 complete with 0 new packages installed.[0m
   guskovd-plans: Resolved dependency 'core/make' to /hab/pkgs/core/make/4.2.1/20180608100733
[1;33mÂ» Installing core/git[0m
[1;32mâ˜ Determining[0m latest version of core/git in the 'stable' channel
[1;32mâ†’ Using[0m core/git/2.18.0/20181102041503
[1;34mâ˜… Install of core/git/2.18.0/20181102041503 complete with 0 new packages installed.[0m
   guskovd-plans: Resolved dependency 'core/git' to /hab/pkgs/core/git/2.18.0/20181102041503
[1;33mÂ» Installing core/ruby/2.5.1[0m
[1;32mâ˜ Determining[0m latest version of core/ruby/2.5.1 in the 'stable' channel
[1;32mâ†’ Using[0m core/ruby/2.5.1/20180702162818
[1;34mâ˜… Install of core/ruby/2.5.1/20180702162818 complete with 0 new packages installed.[0m
   guskovd-plans: Resolved dependency 'core/ruby/2.5.1' to /hab/pkgs/core/ruby/2.5.1/20180702162818
   guskovd-plans: Setting up environment
   guskovd-plans: Populating runtime environment from dependencies
   guskovd-plans: Populating buildtime environment from dependencies
   guskovd-plans: Layering runtime environment on top of system environment
   guskovd-plans: Layering buildtime environment on top of system environment
   guskovd-plans: Setting PATH=/hab/pkgs/core/bash/4.4.19/20180608092913/bin:/hab/pkgs/core/coreutils/8.29/20180608092141/bin:/hab/pkgs/core/gawk/4.2.0/20180608093856/bin:/hab/pkgs/core/which/2.21/20180608164236/bin:/hab/pkgs/core/hab/0.69.0/20181127182011/bin:/hab/pkgs/core/grep/3.1/20180608092809/bin:/hab/pkgs/core/sed/4.4/20180608091938/bin:/hab/pkgs/core/sudo/1.8.18p1/20180609192018/bin:/hab/pkgs/core/sudo/1.8.18p1/20180609192018/sbin:/hab/pkgs/core/make/4.2.1/20180608100733/bin:/hab/pkgs/core/git/2.18.0/20181102041503/bin:/hab/pkgs/core/ruby/2.5.1/20180702162818/bin:/hab/pkgs/core/glibc/2.27/20180608041157/bin:/hab/pkgs/core/ncurses/6.1/20180608091810/bin:/hab/pkgs/core/acl/2.2.52/20180608091922/bin:/hab/pkgs/core/attr/2.4.47/20180608091914/bin:/hab/pkgs/core/libcap/2.25/20180608091936/bin:/hab/pkgs/core/pcre/8.41/20180608092740/bin:/hab/pkgs/core/vim/8.0.1542/20180608104326/bin:/hab/pkgs/core/bzip2/1.0.6/20180608091727/bin:/hab/pkgs/core/curl/7.62.0/20181102040704/bin:/hab/pkgs/core/db/5.3.28/20180608094030/bin:/hab/pkgs/core/expat/2.2.5/20180608094017/bin:/hab/pkgs/core/gdbm/1.14.1/20180608094002/bin:/hab/pkgs/core/gettext/0.19.8/20180608100147/bin:/hab/pkgs/core/less/530/20180608094202/bin:/hab/pkgs/core/openssh/7.5p1/20180608142228/bin:/hab/pkgs/core/openssh/7.5p1/20180608142228/sbin:/hab/pkgs/core/openssh/7.5p1/20180608142228/libexec:/hab/pkgs/core/openssl/1.0.2n/20180608102213/bin:/hab/pkgs/core/perl/5.26.1/20180608094208/bin:/hab/pkgs/core/xz/5.2.3/20180608100110/bin:/hab/pkgs/core/binutils/2.30/20180608050633/bin:/hab/pkgs/core/libtool/2.4.6/20180608093951/bin:/hab/pkgs/core/hab-plan-build/0.68.0/20181108153028/bin:/hab/pkgs/core/bash/4.3.42/20170513213519/bin:/hab/pkgs/core/binutils/2.25.1/20170513201927/bin:/hab/pkgs/core/bzip2/1.0.6/20170513212938/bin:/hab/pkgs/core/coreutils/8.25/20170513213226/bin:/hab/pkgs/core/file/5.24/20170513201915/bin:/hab/pkgs/core/findutils/4.4.2/20170513214305/bin:/hab/pkgs/core/gawk/4.1.3/20170513213646/bin:/hab/pkgs/core/grep/2.22/20170513213444/bin:/hab/pkgs/core/gzip/1.6/20170513214605/bin:/hab/pkgs/core/hab/0.68.0/20181108151723/bin:/hab/pkgs/core/rq/0.9.2/20170612005822/bin:/hab/pkgs/core/sed/4.2.2/20170513213123/bin:/hab/pkgs/core/tar/1.29/20170513213607/bin:/hab/pkgs/core/unzip/6.0/20180310001951/bin:/hab/pkgs/core/wget/1.19.1/20171024102323/bin:/hab/pkgs/core/xz/5.2.2/20170513214327/bin:/hab/pkgs/core/glibc/2.22/20170513201042/bin:/hab/pkgs/core/ncurses/6.0/20170513213009/bin:/hab/pkgs/core/acl/2.2.52/20170513213108/bin:/hab/pkgs/core/attr/2.4.47/20170513213059/bin:/hab/pkgs/core/libcap/2.24/20170513213120/bin:/hab/pkgs/core/pcre/8.38/20170513213423/bin:/hab/pkgs/core/less/481/20170513213936/bin:/hab/pkgs/core/libidn/1.32/20170513215043/bin:/hab/pkgs/core/openssl/1.0.2l/20171014213633/bin
   guskovd-plans: Clean the cache
   guskovd-plans: Setting build environment
mkdir: created directory '/hab/cache/src/guskovd-plans-1.14'
   guskovd-plans: Setting PREFIX=/hab/pkgs/hab-shell/guskovd-plans/1.14/20181129165213
   guskovd-plans: Setting LD_RUN_PATH=/hab/pkgs/core/git/2.18.0/20181102041503/lib:/hab/pkgs/core/ruby/2.5.1/20180702162818/lib
   guskovd-plans: Setting CFLAGS=-I/hab/pkgs/core/sudo/1.8.18p1/20180609192018/include -I/hab/pkgs/core/make/4.2.1/20180608100733/include -I/hab/pkgs/core/ruby/2.5.1/20180702162818/include
   guskovd-plans: Setting CXXFLAGS=-I/hab/pkgs/core/sudo/1.8.18p1/20180609192018/include -I/hab/pkgs/core/make/4.2.1/20180608100733/include -I/hab/pkgs/core/ruby/2.5.1/20180702162818/include
   guskovd-plans: Setting CPPFLAGS=-I/hab/pkgs/core/sudo/1.8.18p1/20180609192018/include -I/hab/pkgs/core/make/4.2.1/20180608100733/include -I/hab/pkgs/core/ruby/2.5.1/20180702162818/include
   guskovd-plans: Setting LDFLAGS=-L/hab/pkgs/core/git/2.18.0/20181102041503/lib -L/hab/pkgs/core/ruby/2.5.1/20180702162818/lib
   guskovd-plans: Setting PKG_CONFIG_PATH=/hab/pkgs/core/bash/4.4.19/20180608092913/lib/pkgconfig:/hab/pkgs/core/ruby/2.5.1/20180702162818/lib/pkgconfig
   guskovd-plans: Preparing to build
   guskovd-plans: Building
   guskovd-plans: Installing
mkdir: created directory '/hab/pkgs/hab-shell/guskovd-plans/1.14/20181129165213'
   guskovd-plans: Writing configuration
   guskovd-plans: Writing service management scripts
   guskovd-plans: Stripping unneeded symbols from binaries and libraries
   guskovd-plans: Building package metadata
   guskovd-plans: Generating blake2b hashes of all files in the package
   guskovd-plans: Generating signed metadata FILES
[1;33mÂ» Signing guskovd-plans_blake2bsums[0m
[1;36mâ˜› Signing[0m guskovd-plans_blake2bsums with hab-shell-20180516112716 to create /hab/pkgs/hab-shell/guskovd-plans/1.14/20181129165213/FILES
[1;34mâ˜… Signed artifact /hab/pkgs/hab-shell/guskovd-plans/1.14/20181129165213/FILES.[0m
   guskovd-plans: Creating manifest
   guskovd-plans: Generating package artifact
/hab/pkgs/core/tar/1.29/20170513213607/bin/tar: Removing leading `/' from member names
/hab/cache/artifacts/.hab-shell-guskovd-plans-1.14-20181129165213-x86_64-linux.tar (1/1)
  100 %           2372 B / 20.0 KiB = 0.116                                    
[1;33mÂ» Signing /hab/cache/artifacts/.hab-shell-guskovd-plans-1.14-20181129165213-x86_64-linux.tar.xz[0m
[1;36mâ˜› Signing[0m /hab/cache/artifacts/.hab-shell-guskovd-plans-1.14-20181129165213-x86_64-linux.tar.xz with hab-shell-20180516112716 to create /hab/cache/artifacts/hab-shell-guskovd-plans-1.14-20181129165213-x86_64-linux.hart
[1;34mâ˜… Signed artifact /hab/cache/artifacts/hab-shell-guskovd-plans-1.14-20181129165213-x86_64-linux.hart.[0m
'/hab/cache/artifacts/hab-shell-guskovd-plans-1.14-20181129165213-x86_64-linux.hart' -> '/src/results/hab-shell-guskovd-plans-1.14-20181129165213-x86_64-linux.hart'
   guskovd-plans: hab-plan-build cleanup
   guskovd-plans: 
   guskovd-plans: Source Path: /src
   guskovd-plans: Installed Path: /hab/pkgs/hab-shell/guskovd-plans/1.14/20181129165213
   guskovd-plans: Artifact: /src/results/hab-shell-guskovd-plans-1.14-20181129165213-x86_64-linux.hart
   guskovd-plans: Build Report: /src/results/last_build.env
   guskovd-plans: SHA256 Checksum: 479a30bb4b64e88d950f9b6306a7bdb1539b9fb15e7a0102aaf37b1e45881a50
   guskovd-plans: Blake2b Checksum: e963de5d88bf80fccde5444679cb6f3c9ac1dabb78aba410989d0cf157344d65
   guskovd-plans: 
   guskovd-plans: I love it when a plan.sh comes together.
   guskovd-plans: 
   guskovd-plans: Build time: 0m7s

Script done on Thu Nov 29 16:52:20 2018
